<?xml version='1.0' encoding='UTF-8'?>
<testsuite hostname="DESKTOP-2CEIT85" name="TestSQL" tests="24" errors="0" failures="0" skipped="0" time="0.128" timestamp="2024-06-18T20:54:37">
          <properties>
[...]
</properties>
          <testcase classname="TestSQL" name="TDA DB 1" time="0.033">
                      
                    </testcase><testcase classname="TestSQL" name="TDA DB 2" time="0.005">
                      
                    </testcase><testcase classname="TestSQL" name="TDA DB 3" time="0.006">
                      
                    </testcase><testcase classname="TestSQL" name="TDA DB 4" time="0.029">
                      
                    </testcase><testcase classname="TestSQL" name="TDA Table 1" time="0.004">
                      
                    </testcase><testcase classname="TestSQL" name="TDA Table 2" time="0.006">
                      
                    </testcase><testcase classname="TestSQL" name="TDA Table 3" time="0.004">
                      
                    </testcase><testcase classname="TestSQL" name="TDA Table 4" time="0.004">
                      
                    </testcase><testcase classname="TestSQL" name="TDA Table 5" time="0.002">
                      
                    </testcase><testcase classname="TestSQL" name="TDA Table 6" time="0.005">
                      
                    </testcase><testcase classname="TestSQL" name="implicits 1" time="0.007">
                      
                    </testcase><testcase classname="TestSQL" name="implicits 2" time="0.001">
                      
                    </testcase><testcase classname="TestSQL" name="prettier language 1" time="0.002">
                      
                    </testcase><testcase classname="TestSQL" name="prettier language 2" time="0.0">
                      
                    </testcase><testcase classname="TestSQL" name="prettier language 3" time="0.004">
                      
                    </testcase><testcase classname="TestSQL" name="prettier language 4" time="0.001">
                      
                    </testcase><testcase classname="TestSQL" name="prettier language 5" time="0.001">
                      
                    </testcase><testcase classname="TestSQL" name="prettier language 6" time="0.001">
                      
                    </testcase><testcase classname="TestSQL" name="prettier language 7" time="0.002">
                      
                    </testcase><testcase classname="TestSQL" name="prettier language 8" time="0.001">
                      
                    </testcase><testcase classname="TestSQL" name="prettier language 9" time="0.001">
                      
                    </testcase><testcase classname="TestSQL" name="killJackSparrow 1" time="0.003">
                      
                    </testcase><testcase classname="TestSQL" name="insertLinesThenSort 1" time="0.002">
                      
                    </testcase><testcase classname="TestSQL" name="youngAdultHobbiesJ 1" time="0.004">
                      
                    </testcase>
          <system-out><![CDATA[]]></system-out>
          <system-err><![CDATA[]]></system-err>
        </testsuite>