[debug] > Exec(test, None, None)
[debug] Evaluating tasks: Test / test
[debug] Running task... Cancel: Signal, check cycles: false, forcegc: true
[info] compiling 5 Scala sources to D:\Universitate\PP\skel2\target\scala-3.3.1\classes ...
[info] done compiling
[info] compiling 5 Scala sources to D:\Universitate\PP\skel2\target\scala-3.3.1\test-classes ...
[info] done compiling
[info] TestDatabase:
[info] create
[info] - 1
[info] select
[info] - 1
[info] drop
[info] - 1
[info] indexing
[info] - 1
[info] join
[info] - 1 *** FAILED ***
[info]   scala.NotImplementedError: an implementation is missing
[info]   at scala.Predef$.$qmark$qmark$qmark(Predef.scala:344)
[info]   at Database.join(Database.scala:26)
[info]   at TestDatabase.testFun$proxy5$1(TestDatabase.scala:142)
[info]   at TestDatabase.fun$proxy5$1$$anonfun$1(TestDatabase.scala:108)
[info]   at org.scalatest.Transformer.apply$$anonfun$1(Transformer.scala:22)
[info]   at org.scalatest.OutcomeOf.outcomeOf(OutcomeOf.scala:85)
[info]   at org.scalatest.OutcomeOf.outcomeOf$(OutcomeOf.scala:31)
[info]   at org.scalatest.OutcomeOf$.outcomeOf(OutcomeOf.scala:104)
[info]   at org.scalatest.Transformer.apply(Transformer.scala:22)
[info]   at org.scalatest.Transformer.apply(Transformer.scala:21)
[info]   ...
[info] TestTable:
[info] apply
[info] - 1
[info] toString
[info] - 1
[info] filter
[info] - 1
[info] delete
[info] - 1
[info] insert
[info] - 1
[info] sort
[info] - 1
[info] select
[info] - 1
[info] update
[info] - 1
[info] TestFilter:
[info] implicit
[info] - 1
[info] syntactic sugars
[info] - 1
[info] - 2
[info] - 3
[info] - 4
[info] eval
[info] - 1
[info] - 2
[info] - 3
[info] - 4
[info] - 5
[info] - 6
[info] - 7
[info] - 8
[info] TestSQL:
[info] TDA DB
[info] - 1
[info] - 2
[info] - 3
[info] - 4 *** FAILED ***
[info]   scala.NotImplementedError: an implementation is missing
[info]   at scala.Predef$.$qmark$qmark$qmark(Predef.scala:344)
[info]   at JoinTables.eval(PP_SQL.scala:36)
[info]   at TestSQL.testFun$proxy4$1(TestSQL.scala:70)
[info]   at TestSQL.fun$proxy1$1$$anonfun$4(TestSQL.scala:31)
[info]   at org.scalatest.Transformer.apply$$anonfun$1(Transformer.scala:22)
[info]   at org.scalatest.OutcomeOf.outcomeOf(OutcomeOf.scala:85)
[info]   at org.scalatest.OutcomeOf.outcomeOf$(OutcomeOf.scala:31)
[info]   at org.scalatest.OutcomeOf$.outcomeOf(OutcomeOf.scala:104)
[info]   at org.scalatest.Transformer.apply(Transformer.scala:22)
[info]   at org.scalatest.Transformer.apply(Transformer.scala:21)
[info]   ...
[info] TDA Table
[info] - 1
[info] - 2
[info] - 3
[info] - 4
[info] - 5
[info] - 6
[info] implicits
[info] - 1
[info] - 2
[info] prettier language
[info] - 1
[info] - 2
[info] - 3 *** FAILED ***
[info]   scala.NotImplementedError: an implementation is missing
[info]   at scala.Predef$.$qmark$qmark$qmark(Predef.scala:344)
[info]   at PP_SQL$package$.PP_SQL_DB_Join(PP_SQL.scala:39)
[info]   at TestSQL.testFun$proxy15$1(TestSQL.scala:174)
[info]   at TestSQL.fun$proxy4$1$$anonfun$3(TestSQL.scala:150)
[info]   at org.scalatest.Transformer.apply$$anonfun$1(Transformer.scala:22)
[info]   at org.scalatest.OutcomeOf.outcomeOf(OutcomeOf.scala:85)
[info]   at org.scalatest.OutcomeOf.outcomeOf$(OutcomeOf.scala:31)
[info]   at org.scalatest.OutcomeOf$.outcomeOf(OutcomeOf.scala:104)
[info]   at org.scalatest.Transformer.apply(Transformer.scala:22)
[info]   at org.scalatest.Transformer.apply(Transformer.scala:21)
[info]   ...
[info] - 4
[info] - 5
[info] - 6
[info] - 7
[info] - 8
[info] - 9
[info] killJackSparrow
[info] - 1
[info] insertLinesThenSort
[info] - 1
[info] youngAdultHobbiesJ
[info] - 1 *** FAILED ***
[info]   scala.NotImplementedError: an implementation is missing
[info]   at scala.Predef$.$qmark$qmark$qmark(Predef.scala:344)
[info]   at Queries$.youngAdultHobbiesJ(Queries.scala:18)
[info]   at TestSQL.testFun$proxy24$1(TestSQL.scala:333)
[info]   at TestSQL.fun$proxy7$1$$anonfun$1(TestSQL.scala:332)
[info]   at org.scalatest.Transformer.apply$$anonfun$1(Transformer.scala:22)
[info]   at org.scalatest.OutcomeOf.outcomeOf(OutcomeOf.scala:85)
[info]   at org.scalatest.OutcomeOf.outcomeOf$(OutcomeOf.scala:31)
[info]   at org.scalatest.OutcomeOf$.outcomeOf(OutcomeOf.scala:104)
[info]   at org.scalatest.Transformer.apply(Transformer.scala:22)
[info]   at org.scalatest.Transformer.apply(Transformer.scala:21)
[info]   ...
[info] Run completed in 812 milliseconds.
[info] Total number of tests run: 50
[info] Suites: completed 4, aborted 0
[info] Tests: succeeded 46, failed 4, canceled 0, ignored 0, pending 0
[info] *** 4 TESTS FAILED ***
[error] Failed tests:
[error] 	TestSQL
[error] 	TestDatabase
[debug] Forcing garbage collection...
[error] (Test / test) sbt.TestsFailedException: Tests unsuccessful
[error] Total time: 14 s, completed 4 May 2024, 16:07:43
[debug] > Exec(idea-shell, None, None)
